22-Jun-2025 17:05:39.905 INFO [main] org.apache.catalina.startup.VersionLoggerListener.log Server version name:   Apache Tomcat/10.1.40
22-Jun-2025 17:05:39.916 INFO [main] org.apache.catalina.startup.VersionLoggerListener.log Server built:          Apr 1 2025 17:20:53 UTC
22-Jun-2025 17:05:39.916 INFO [main] org.apache.catalina.startup.VersionLoggerListener.log Server version number: 10.1.40.0
22-Jun-2025 17:05:39.916 INFO [main] org.apache.catalina.startup.VersionLoggerListener.log OS Name:               Windows 11
22-Jun-2025 17:05:39.917 INFO [main] org.apache.catalina.startup.VersionLoggerListener.log OS Version:            10.0
22-Jun-2025 17:05:39.917 INFO [main] org.apache.catalina.startup.VersionLoggerListener.log Architecture:          amd64
22-Jun-2025 17:05:39.917 INFO [main] org.apache.catalina.startup.VersionLoggerListener.log Java Home:             C:\Program Files\Java\jdk-22.0.2
22-Jun-2025 17:05:39.917 INFO [main] org.apache.catalina.startup.VersionLoggerListener.log JVM Version:           22.0.2+9-70
22-Jun-2025 17:05:39.918 INFO [main] org.apache.catalina.startup.VersionLoggerListener.log JVM Vendor:            Oracle Corporation
22-Jun-2025 17:05:39.918 INFO [main] org.apache.catalina.startup.VersionLoggerListener.log CATALINA_BASE:         D:\InThread
22-Jun-2025 17:05:39.919 INFO [main] org.apache.catalina.startup.VersionLoggerListener.log CATALINA_HOME:         C:\tomcat\apache-tomcat-10.1.40
22-Jun-2025 17:05:39.942 INFO [main] org.apache.catalina.startup.VersionLoggerListener.log Command line argument: --add-opens=java.base/java.lang=ALL-UNNAMED
22-Jun-2025 17:05:39.943 INFO [main] org.apache.catalina.startup.VersionLoggerListener.log Command line argument: --add-opens=java.base/java.io=ALL-UNNAMED
22-Jun-2025 17:05:39.943 INFO [main] org.apache.catalina.startup.VersionLoggerListener.log Command line argument: --add-opens=java.base/java.util=ALL-UNNAMED
22-Jun-2025 17:05:39.944 INFO [main] org.apache.catalina.startup.VersionLoggerListener.log Command line argument: --add-opens=java.base/java.util.concurrent=ALL-UNNAMED
22-Jun-2025 17:05:39.944 INFO [main] org.apache.catalina.startup.VersionLoggerListener.log Command line argument: --add-opens=java.rmi/sun.rmi.transport=ALL-UNNAMED
22-Jun-2025 17:05:39.944 INFO [main] org.apache.catalina.startup.VersionLoggerListener.log Command line argument: -Dcatalina.home=C:\tomcat\apache-tomcat-10.1.40
22-Jun-2025 17:05:39.944 INFO [main] org.apache.catalina.startup.VersionLoggerListener.log Command line argument: -Dcatalina.base=D:\InThread
22-Jun-2025 17:05:39.945 INFO [main] org.apache.catalina.startup.VersionLoggerListener.log Command line argument: -Djava.io.tmpdir=D:\InThread\temp
22-Jun-2025 17:05:39.945 INFO [main] org.apache.catalina.startup.VersionLoggerListener.log Command line argument: -Djava.util.logging.config.file=D:\InThread\conf\logging.properties
22-Jun-2025 17:05:39.946 INFO [main] org.apache.catalina.startup.VersionLoggerListener.log Command line argument: -Djava.util.logging.manager=org.apache.juli.ClassLoaderLogManager
22-Jun-2025 17:05:39.946 INFO [main] org.apache.catalina.startup.VersionLoggerListener.log Command line argument: -javaagent:C:\Program Files\JetBrains\IntelliJ IDEA Community Edition 2024.3.4.1\lib\idea_rt.jar=60311
22-Jun-2025 17:05:39.947 INFO [main] org.apache.catalina.startup.VersionLoggerListener.log Command line argument: -Dfile.encoding=UTF-8
22-Jun-2025 17:05:39.947 INFO [main] org.apache.catalina.startup.VersionLoggerListener.log Command line argument: -Dsun.stdout.encoding=UTF-8
22-Jun-2025 17:05:39.947 INFO [main] org.apache.catalina.startup.VersionLoggerListener.log Command line argument: -Dsun.stderr.encoding=UTF-8
22-Jun-2025 17:05:39.958 INFO [main] org.apache.catalina.core.AprLifecycleListener.lifecycleEvent Loaded Apache Tomcat Native library [2.0.8] using APR version [1.7.4].
22-Jun-2025 17:05:39.990 INFO [main] org.apache.catalina.core.AprLifecycleListener.initializeSSL OpenSSL successfully initialized [OpenSSL 3.0.14 4 Jun 2024]
22-Jun-2025 17:05:40.645 INFO [main] org.apache.coyote.AbstractProtocol.init Initializing ProtocolHandler ["http-nio-8080"]
22-Jun-2025 17:05:40.686 INFO [main] org.apache.catalina.startup.Catalina.load Server initialization in [1381] milliseconds
22-Jun-2025 17:05:40.813 INFO [main] org.apache.catalina.core.StandardService.startInternal Starting service [Catalina]
22-Jun-2025 17:05:40.813 INFO [main] org.apache.catalina.core.StandardEngine.startInternal Starting Servlet engine: [Apache Tomcat/10.1.40]
22-Jun-2025 17:05:40.837 INFO [main] org.apache.catalina.startup.HostConfig.deployDescriptor Deploying deployment descriptor [D:\InThread\conf\Catalina\localhost\InThread.xml]
22-Jun-2025 17:05:43.017 INFO [main] org.apache.jasper.servlet.TldScanner.scanJars At least one JAR was scanned for TLDs yet contained no TLDs. Enable debug logging for this logger for a complete list of JARs that were scanned but no TLDs were found in them. Skipping unneeded JARs during scanning can improve startup time and JSP compilation time.
22-Jun-2025 17:05:43.425 INFO [main] org.apache.catalina.startup.HostConfig.deployDescriptor Deployment of deployment descriptor [D:\InThread\conf\Catalina\localhost\InThread.xml] has finished in [2,587] ms
22-Jun-2025 17:05:43.431 INFO [main] org.apache.coyote.AbstractProtocol.start Starting ProtocolHandler ["http-nio-8080"]
22-Jun-2025 17:05:43.463 INFO [main] org.apache.catalina.startup.Catalina.start Server startup in [2775] milliseconds
22-Jun-2025 17:12:38.577 INFO [Thread-1] org.apache.coyote.AbstractProtocol.pause Pausing ProtocolHandler ["http-nio-8080"]
22-Jun-2025 17:12:38.596 INFO [Thread-1] org.apache.catalina.core.StandardService.stopInternal Stopping service [Catalina]
22-Jun-2025 17:12:38.675 INFO [Thread-1] org.apache.coyote.AbstractProtocol.stop Stopping ProtocolHandler ["http-nio-8080"]
22-Jun-2025 17:12:38.689 INFO [Thread-1] org.apache.coyote.AbstractProtocol.destroy Destroying ProtocolHandler ["http-nio-8080"]
22-Jun-2025 17:12:41.938 INFO [main] org.apache.catalina.startup.VersionLoggerListener.log Server version name:   Apache Tomcat/10.1.40
22-Jun-2025 17:12:41.944 INFO [main] org.apache.catalina.startup.VersionLoggerListener.log Server built:          Apr 1 2025 17:20:53 UTC
22-Jun-2025 17:12:41.944 INFO [main] org.apache.catalina.startup.VersionLoggerListener.log Server version number: 10.1.40.0
22-Jun-2025 17:12:41.945 INFO [main] org.apache.catalina.startup.VersionLoggerListener.log OS Name:               Windows 11
22-Jun-2025 17:12:41.945 INFO [main] org.apache.catalina.startup.VersionLoggerListener.log OS Version:            10.0
22-Jun-2025 17:12:41.945 INFO [main] org.apache.catalina.startup.VersionLoggerListener.log Architecture:          amd64
22-Jun-2025 17:12:41.945 INFO [main] org.apache.catalina.startup.VersionLoggerListener.log Java Home:             C:\Program Files\Java\jdk-22.0.2
22-Jun-2025 17:12:41.945 INFO [main] org.apache.catalina.startup.VersionLoggerListener.log JVM Version:           22.0.2+9-70
22-Jun-2025 17:12:41.945 INFO [main] org.apache.catalina.startup.VersionLoggerListener.log JVM Vendor:            Oracle Corporation
22-Jun-2025 17:12:41.945 INFO [main] org.apache.catalina.startup.VersionLoggerListener.log CATALINA_BASE:         D:\InThread
22-Jun-2025 17:12:41.945 INFO [main] org.apache.catalina.startup.VersionLoggerListener.log CATALINA_HOME:         C:\tomcat\apache-tomcat-10.1.40
22-Jun-2025 17:12:41.960 INFO [main] org.apache.catalina.startup.VersionLoggerListener.log Command line argument: --add-opens=java.base/java.lang=ALL-UNNAMED
22-Jun-2025 17:12:41.960 INFO [main] org.apache.catalina.startup.VersionLoggerListener.log Command line argument: --add-opens=java.base/java.io=ALL-UNNAMED
22-Jun-2025 17:12:41.960 INFO [main] org.apache.catalina.startup.VersionLoggerListener.log Command line argument: --add-opens=java.base/java.util=ALL-UNNAMED
22-Jun-2025 17:12:41.960 INFO [main] org.apache.catalina.startup.VersionLoggerListener.log Command line argument: --add-opens=java.base/java.util.concurrent=ALL-UNNAMED
22-Jun-2025 17:12:41.960 INFO [main] org.apache.catalina.startup.VersionLoggerListener.log Command line argument: --add-opens=java.rmi/sun.rmi.transport=ALL-UNNAMED
22-Jun-2025 17:12:41.961 INFO [main] org.apache.catalina.startup.VersionLoggerListener.log Command line argument: -Dcatalina.home=C:\tomcat\apache-tomcat-10.1.40
22-Jun-2025 17:12:41.961 INFO [main] org.apache.catalina.startup.VersionLoggerListener.log Command line argument: -Dcatalina.base=D:\InThread
22-Jun-2025 17:12:41.961 INFO [main] org.apache.catalina.startup.VersionLoggerListener.log Command line argument: -Djava.io.tmpdir=D:\InThread\temp
22-Jun-2025 17:12:41.961 INFO [main] org.apache.catalina.startup.VersionLoggerListener.log Command line argument: -Djava.util.logging.config.file=D:\InThread\conf\logging.properties
22-Jun-2025 17:12:41.961 INFO [main] org.apache.catalina.startup.VersionLoggerListener.log Command line argument: -Djava.util.logging.manager=org.apache.juli.ClassLoaderLogManager
22-Jun-2025 17:12:41.961 INFO [main] org.apache.catalina.startup.VersionLoggerListener.log Command line argument: -javaagent:C:\Program Files\JetBrains\IntelliJ IDEA Community Edition 2024.3.4.1\lib\idea_rt.jar=61007
22-Jun-2025 17:12:41.961 INFO [main] org.apache.catalina.startup.VersionLoggerListener.log Command line argument: -Dfile.encoding=UTF-8
22-Jun-2025 17:12:41.961 INFO [main] org.apache.catalina.startup.VersionLoggerListener.log Command line argument: -Dsun.stdout.encoding=UTF-8
22-Jun-2025 17:12:41.961 INFO [main] org.apache.catalina.startup.VersionLoggerListener.log Command line argument: -Dsun.stderr.encoding=UTF-8
22-Jun-2025 17:12:41.966 INFO [main] org.apache.catalina.core.AprLifecycleListener.lifecycleEvent Loaded Apache Tomcat Native library [2.0.8] using APR version [1.7.4].
22-Jun-2025 17:12:41.974 INFO [main] org.apache.catalina.core.AprLifecycleListener.initializeSSL OpenSSL successfully initialized [OpenSSL 3.0.14 4 Jun 2024]
22-Jun-2025 17:12:42.438 INFO [main] org.apache.coyote.AbstractProtocol.init Initializing ProtocolHandler ["http-nio-8080"]
22-Jun-2025 17:12:42.459 INFO [main] org.apache.catalina.startup.Catalina.load Server initialization in [822] milliseconds
22-Jun-2025 17:12:42.532 INFO [main] org.apache.catalina.core.StandardService.startInternal Starting service [Catalina]
22-Jun-2025 17:12:42.532 INFO [main] org.apache.catalina.core.StandardEngine.startInternal Starting Servlet engine: [Apache Tomcat/10.1.40]
22-Jun-2025 17:12:42.545 INFO [main] org.apache.catalina.startup.HostConfig.deployDescriptor Deploying deployment descriptor [D:\InThread\conf\Catalina\localhost\InThread.xml]
22-Jun-2025 17:12:44.158 INFO [main] org.apache.jasper.servlet.TldScanner.scanJars At least one JAR was scanned for TLDs yet contained no TLDs. Enable debug logging for this logger for a complete list of JARs that were scanned but no TLDs were found in them. Skipping unneeded JARs during scanning can improve startup time and JSP compilation time.
22-Jun-2025 17:12:44.457 INFO [main] org.apache.catalina.startup.HostConfig.deployDescriptor Deployment of deployment descriptor [D:\InThread\conf\Catalina\localhost\InThread.xml] has finished in [1,907] ms
22-Jun-2025 17:12:44.460 INFO [main] org.apache.coyote.AbstractProtocol.start Starting ProtocolHandler ["http-nio-8080"]
22-Jun-2025 17:12:44.482 INFO [main] org.apache.catalina.startup.Catalina.start Server startup in [2021] milliseconds
22-Jun-2025 20:11:42.365 INFO [Thread-1] org.apache.coyote.AbstractProtocol.pause Pausing ProtocolHandler ["http-nio-8080"]
22-Jun-2025 20:11:42.389 INFO [Thread-1] org.apache.catalina.core.StandardService.stopInternal Stopping service [Catalina]
22-Jun-2025 20:11:42.638 INFO [Thread-1] org.apache.coyote.AbstractProtocol.stop Stopping ProtocolHandler ["http-nio-8080"]
22-Jun-2025 20:11:42.647 INFO [Thread-1] org.apache.coyote.AbstractProtocol.destroy Destroying ProtocolHandler ["http-nio-8080"]
22-Jun-2025 21:45:16.782 INFO [main] org.apache.catalina.startup.VersionLoggerListener.log Server version name:   Apache Tomcat/10.1.40
22-Jun-2025 21:45:16.789 INFO [main] org.apache.catalina.startup.VersionLoggerListener.log Server built:          Apr 1 2025 17:20:53 UTC
22-Jun-2025 21:45:16.789 INFO [main] org.apache.catalina.startup.VersionLoggerListener.log Server version number: 10.1.40.0
22-Jun-2025 21:45:16.789 INFO [main] org.apache.catalina.startup.VersionLoggerListener.log OS Name:               Windows 11
22-Jun-2025 21:45:16.789 INFO [main] org.apache.catalina.startup.VersionLoggerListener.log OS Version:            10.0
22-Jun-2025 21:45:16.789 INFO [main] org.apache.catalina.startup.VersionLoggerListener.log Architecture:          amd64
22-Jun-2025 21:45:16.789 INFO [main] org.apache.catalina.startup.VersionLoggerListener.log Java Home:             C:\Program Files\Java\jdk-22.0.2
22-Jun-2025 21:45:16.789 INFO [main] org.apache.catalina.startup.VersionLoggerListener.log JVM Version:           22.0.2+9-70
22-Jun-2025 21:45:16.789 INFO [main] org.apache.catalina.startup.VersionLoggerListener.log JVM Vendor:            Oracle Corporation
22-Jun-2025 21:45:16.789 INFO [main] org.apache.catalina.startup.VersionLoggerListener.log CATALINA_BASE:         D:\InThread
22-Jun-2025 21:45:16.789 INFO [main] org.apache.catalina.startup.VersionLoggerListener.log CATALINA_HOME:         C:\tomcat\apache-tomcat-10.1.40
22-Jun-2025 21:45:16.800 INFO [main] org.apache.catalina.startup.VersionLoggerListener.log Command line argument: --add-opens=java.base/java.lang=ALL-UNNAMED
22-Jun-2025 21:45:16.801 INFO [main] org.apache.catalina.startup.VersionLoggerListener.log Command line argument: --add-opens=java.base/java.io=ALL-UNNAMED
22-Jun-2025 21:45:16.801 INFO [main] org.apache.catalina.startup.VersionLoggerListener.log Command line argument: --add-opens=java.base/java.util=ALL-UNNAMED
22-Jun-2025 21:45:16.801 INFO [main] org.apache.catalina.startup.VersionLoggerListener.log Command line argument: --add-opens=java.base/java.util.concurrent=ALL-UNNAMED
22-Jun-2025 21:45:16.801 INFO [main] org.apache.catalina.startup.VersionLoggerListener.log Command line argument: --add-opens=java.rmi/sun.rmi.transport=ALL-UNNAMED
22-Jun-2025 21:45:16.801 INFO [main] org.apache.catalina.startup.VersionLoggerListener.log Command line argument: -Dcatalina.home=C:\tomcat\apache-tomcat-10.1.40
22-Jun-2025 21:45:16.801 INFO [main] org.apache.catalina.startup.VersionLoggerListener.log Command line argument: -Dcatalina.base=D:\InThread
22-Jun-2025 21:45:16.801 INFO [main] org.apache.catalina.startup.VersionLoggerListener.log Command line argument: -Djava.io.tmpdir=D:\InThread\temp
22-Jun-2025 21:45:16.801 INFO [main] org.apache.catalina.startup.VersionLoggerListener.log Command line argument: -Djava.util.logging.config.file=D:\InThread\conf\logging.properties
22-Jun-2025 21:45:16.801 INFO [main] org.apache.catalina.startup.VersionLoggerListener.log Command line argument: -Djava.util.logging.manager=org.apache.juli.ClassLoaderLogManager
22-Jun-2025 21:45:16.801 INFO [main] org.apache.catalina.startup.VersionLoggerListener.log Command line argument: -javaagent:C:\Program Files\JetBrains\IntelliJ IDEA Community Edition 2024.3.4.1\lib\idea_rt.jar=49183
22-Jun-2025 21:45:16.802 INFO [main] org.apache.catalina.startup.VersionLoggerListener.log Command line argument: -Dfile.encoding=UTF-8
22-Jun-2025 21:45:16.802 INFO [main] org.apache.catalina.startup.VersionLoggerListener.log Command line argument: -Dsun.stdout.encoding=UTF-8
22-Jun-2025 21:45:16.802 INFO [main] org.apache.catalina.startup.VersionLoggerListener.log Command line argument: -Dsun.stderr.encoding=UTF-8
22-Jun-2025 21:45:16.808 INFO [main] org.apache.catalina.core.AprLifecycleListener.lifecycleEvent Loaded Apache Tomcat Native library [2.0.8] using APR version [1.7.4].
22-Jun-2025 21:45:16.832 INFO [main] org.apache.catalina.core.AprLifecycleListener.initializeSSL OpenSSL successfully initialized [OpenSSL 3.0.14 4 Jun 2024]
22-Jun-2025 21:45:17.282 INFO [main] org.apache.coyote.AbstractProtocol.init Initializing ProtocolHandler ["http-nio-8080"]
22-Jun-2025 21:45:17.308 INFO [main] org.apache.catalina.startup.Catalina.load Server initialization in [861] milliseconds
22-Jun-2025 21:45:17.386 INFO [main] org.apache.catalina.core.StandardService.startInternal Starting service [Catalina]
22-Jun-2025 21:45:17.387 INFO [main] org.apache.catalina.core.StandardEngine.startInternal Starting Servlet engine: [Apache Tomcat/10.1.40]
22-Jun-2025 21:45:17.400 INFO [main] org.apache.catalina.startup.HostConfig.deployDescriptor Deploying deployment descriptor [D:\InThread\conf\Catalina\localhost\InThread.xml]
22-Jun-2025 21:45:19.294 INFO [main] org.apache.jasper.servlet.TldScanner.scanJars At least one JAR was scanned for TLDs yet contained no TLDs. Enable debug logging for this logger for a complete list of JARs that were scanned but no TLDs were found in them. Skipping unneeded JARs during scanning can improve startup time and JSP compilation time.
22-Jun-2025 21:45:19.776 INFO [main] org.apache.catalina.startup.HostConfig.deployDescriptor Deployment of deployment descriptor [D:\InThread\conf\Catalina\localhost\InThread.xml] has finished in [2,374] ms
22-Jun-2025 21:45:19.787 INFO [main] org.apache.coyote.AbstractProtocol.start Starting ProtocolHandler ["http-nio-8080"]
22-Jun-2025 21:45:19.839 INFO [main] org.apache.catalina.startup.Catalina.start Server startup in [2529] milliseconds
22-Jun-2025 22:02:35.478 INFO [Thread-1] org.apache.coyote.AbstractProtocol.pause Pausing ProtocolHandler ["http-nio-8080"]
22-Jun-2025 22:02:35.497 INFO [Thread-1] org.apache.catalina.core.StandardService.stopInternal Stopping service [Catalina]
22-Jun-2025 22:02:35.696 INFO [Thread-1] org.apache.coyote.AbstractProtocol.stop Stopping ProtocolHandler ["http-nio-8080"]
22-Jun-2025 22:02:35.709 INFO [Thread-1] org.apache.coyote.AbstractProtocol.destroy Destroying ProtocolHandler ["http-nio-8080"]
