02-Jul-2025 13:35:43.367 INFO [main] org.apache.catalina.startup.VersionLoggerListener.log Server version name:   Apache Tomcat/10.1.40
02-Jul-2025 13:35:43.373 INFO [main] org.apache.catalina.startup.VersionLoggerListener.log Server built:          Apr 1 2025 17:20:53 UTC
02-Jul-2025 13:35:43.373 INFO [main] org.apache.catalina.startup.VersionLoggerListener.log Server version number: 10.1.40.0
02-Jul-2025 13:35:43.373 INFO [main] org.apache.catalina.startup.VersionLoggerListener.log OS Name:               Windows 11
02-Jul-2025 13:35:43.373 INFO [main] org.apache.catalina.startup.VersionLoggerListener.log OS Version:            10.0
02-Jul-2025 13:35:43.373 INFO [main] org.apache.catalina.startup.VersionLoggerListener.log Architecture:          amd64
02-Jul-2025 13:35:43.373 INFO [main] org.apache.catalina.startup.VersionLoggerListener.log Java Home:             C:\Program Files\Java\jdk-22.0.2
02-Jul-2025 13:35:43.374 INFO [main] org.apache.catalina.startup.VersionLoggerListener.log JVM Version:           22.0.2+9-70
02-Jul-2025 13:35:43.374 INFO [main] org.apache.catalina.startup.VersionLoggerListener.log JVM Vendor:            Oracle Corporation
02-Jul-2025 13:35:43.374 INFO [main] org.apache.catalina.startup.VersionLoggerListener.log CATALINA_BASE:         D:\InThread
02-Jul-2025 13:35:43.374 INFO [main] org.apache.catalina.startup.VersionLoggerListener.log CATALINA_HOME:         C:\tomcat\apache-tomcat-10.1.40
02-Jul-2025 13:35:43.386 INFO [main] org.apache.catalina.startup.VersionLoggerListener.log Command line argument: --add-opens=java.base/java.lang=ALL-UNNAMED
02-Jul-2025 13:35:43.386 INFO [main] org.apache.catalina.startup.VersionLoggerListener.log Command line argument: --add-opens=java.base/java.io=ALL-UNNAMED
02-Jul-2025 13:35:43.387 INFO [main] org.apache.catalina.startup.VersionLoggerListener.log Command line argument: --add-opens=java.base/java.util=ALL-UNNAMED
02-Jul-2025 13:35:43.387 INFO [main] org.apache.catalina.startup.VersionLoggerListener.log Command line argument: --add-opens=java.base/java.util.concurrent=ALL-UNNAMED
02-Jul-2025 13:35:43.387 INFO [main] org.apache.catalina.startup.VersionLoggerListener.log Command line argument: --add-opens=java.rmi/sun.rmi.transport=ALL-UNNAMED
02-Jul-2025 13:35:43.387 INFO [main] org.apache.catalina.startup.VersionLoggerListener.log Command line argument: -Dcatalina.home=C:\tomcat\apache-tomcat-10.1.40
02-Jul-2025 13:35:43.387 INFO [main] org.apache.catalina.startup.VersionLoggerListener.log Command line argument: -Dcatalina.base=D:\InThread
02-Jul-2025 13:35:43.387 INFO [main] org.apache.catalina.startup.VersionLoggerListener.log Command line argument: -Djava.io.tmpdir=D:\InThread\temp
02-Jul-2025 13:35:43.387 INFO [main] org.apache.catalina.startup.VersionLoggerListener.log Command line argument: -Djava.util.logging.config.file=D:\InThread\conf\logging.properties
02-Jul-2025 13:35:43.387 INFO [main] org.apache.catalina.startup.VersionLoggerListener.log Command line argument: -Djava.util.logging.manager=org.apache.juli.ClassLoaderLogManager
02-Jul-2025 13:35:43.387 INFO [main] org.apache.catalina.startup.VersionLoggerListener.log Command line argument: -javaagent:C:\Program Files\JetBrains\IntelliJ IDEA Community Edition 2024.3.4.1\lib\idea_rt.jar=52449
02-Jul-2025 13:35:43.387 INFO [main] org.apache.catalina.startup.VersionLoggerListener.log Command line argument: -Dfile.encoding=UTF-8
02-Jul-2025 13:35:43.387 INFO [main] org.apache.catalina.startup.VersionLoggerListener.log Command line argument: -Dsun.stdout.encoding=UTF-8
02-Jul-2025 13:35:43.387 INFO [main] org.apache.catalina.startup.VersionLoggerListener.log Command line argument: -Dsun.stderr.encoding=UTF-8
02-Jul-2025 13:35:43.395 INFO [main] org.apache.catalina.core.AprLifecycleListener.lifecycleEvent Loaded Apache Tomcat Native library [2.0.8] using APR version [1.7.4].
02-Jul-2025 13:35:43.423 INFO [main] org.apache.catalina.core.AprLifecycleListener.initializeSSL OpenSSL successfully initialized [OpenSSL 3.0.14 4 Jun 2024]
02-Jul-2025 13:35:43.947 INFO [main] org.apache.coyote.AbstractProtocol.init Initializing ProtocolHandler ["http-nio-8080"]
02-Jul-2025 13:35:43.975 INFO [main] org.apache.catalina.startup.Catalina.load Server initialization in [1025] milliseconds
02-Jul-2025 13:35:44.058 INFO [main] org.apache.catalina.core.StandardService.startInternal Starting service [Catalina]
02-Jul-2025 13:35:44.058 INFO [main] org.apache.catalina.core.StandardEngine.startInternal Starting Servlet engine: [Apache Tomcat/10.1.40]
02-Jul-2025 13:35:44.074 INFO [main] org.apache.catalina.startup.HostConfig.deployDescriptor Deploying deployment descriptor [D:\InThread\conf\Catalina\localhost\InThread.xml]
02-Jul-2025 13:35:46.198 INFO [main] org.apache.jasper.servlet.TldScanner.scanJars At least one JAR was scanned for TLDs yet contained no TLDs. Enable debug logging for this logger for a complete list of JARs that were scanned but no TLDs were found in them. Skipping unneeded JARs during scanning can improve startup time and JSP compilation time.
02-Jul-2025 13:35:46.647 INFO [main] org.apache.catalina.startup.HostConfig.deployDescriptor Deployment of deployment descriptor [D:\InThread\conf\Catalina\localhost\InThread.xml] has finished in [2,573] ms
02-Jul-2025 13:35:46.653 INFO [main] org.apache.coyote.AbstractProtocol.start Starting ProtocolHandler ["http-nio-8080"]
02-Jul-2025 13:35:46.685 INFO [main] org.apache.catalina.startup.Catalina.start Server startup in [2708] milliseconds
