17-Jul-2025 13:07:34.409 SEVERE [http-nio-8080-exec-4] org.apache.catalina.core.StandardWrapperValve.invoke Servlet.service() for servlet [jsp] in context with path [/InThread] threw exception [Unable to compile class for JSP: 

An error occurred at line: [134] in the jsp file: [/send.jsp]
Syntax error on token "new", delete this token
131:               new StaticEmail("jane@friends.com", "Weekend Plans", "2025-05-13", "Let's meet at 6 PM for dinner."),
132:               new StaticEmail("sales@onlinestore.com", "Your Order #12345", "2025-05-12", "Your order has been shipped."),
133:               new StaticEmail("support@inthread.com", "Support Ticket Closed", "2025-05-11", "Your support ticket has been resolved."),
134:               new new StaticEmail(
135:                       "invite@events.com",
136:                       "You're Invited!",
137:                       "2025-05-10",


An error occurred at line: [140] in the jsp file: [/send.jsp]
Syntax error on token ",", delete this token
137:                       "2025-05-10",
138:                       "The oldest classical British and Latin writings had little or no space between words and could be written in boustrophedon (alternating directions). Over time, text direction (left to right) became standardized. Word dividers and terminal punctuation became common. The first way to divide sentences into groups was the original paragraphos, similar to an underscore at the beginning of the new group.[1] The Greek parágraphos evolved into the pilcrow (¶), which in English manuscripts in the Middle Ages can be seen inserted inline between sentences.\n\nIndented paragraphs demonstrated in the US Constitution\nAncient manuscripts also divided sentences into paragraphs with line breaks (newline) followed by an initial at the beginning of the next paragraph. An initial is an oversized capital letter, sometimes outdented beyond the margin of the text. This style can be seen, for example, in the original Old English manuscript of Beowulf. Outdenting is still used in English typography, though not commonly.[2] Modern English typography usually indicates a new paragraph by indenting the first line. This style can be seen in the (handwritten) United States Constitution from 1787. For additional ornamentation, a hedera leaf or other symbol can be added to the inter-paragraph white space, or put in the indentation space.\n\nA second common modern English style is to use no indenting, but add vertical white space to create \"block paragraphs.\" On a typewriter, a double carriage return produces a blank line for this purpose; professional typesetters (or word processing software) may put in an arbitrary vertical space by adjusting leading. This style is very common in electronic formats, such as on the World Wide Web and email. Wikipedia itself employs this format."
139:                   ),
140: ,
141:               new StaticEmail("hr@company.com", "Policy Update", "2025-05-09", "Please review the updated company policies.")
142:             );
143:             int index = 0;


Stacktrace:] with root cause
	org.apache.jasper.JasperException: Unable to compile class for JSP: 

An error occurred at line: [134] in the jsp file: [/send.jsp]
Syntax error on token "new", delete this token
131:               new StaticEmail("jane@friends.com", "Weekend Plans", "2025-05-13", "Let's meet at 6 PM for dinner."),
132:               new StaticEmail("sales@onlinestore.com", "Your Order #12345", "2025-05-12", "Your order has been shipped."),
133:               new StaticEmail("support@inthread.com", "Support Ticket Closed", "2025-05-11", "Your support ticket has been resolved."),
134:               new new StaticEmail(
135:                       "invite@events.com",
136:                       "You're Invited!",
137:                       "2025-05-10",


An error occurred at line: [140] in the jsp file: [/send.jsp]
Syntax error on token ",", delete this token
137:                       "2025-05-10",
138:                       "The oldest classical British and Latin writings had little or no space between words and could be written in boustrophedon (alternating directions). Over time, text direction (left to right) became standardized. Word dividers and terminal punctuation became common. The first way to divide sentences into groups was the original paragraphos, similar to an underscore at the beginning of the new group.[1] The Greek parágraphos evolved into the pilcrow (¶), which in English manuscripts in the Middle Ages can be seen inserted inline between sentences.\n\nIndented paragraphs demonstrated in the US Constitution\nAncient manuscripts also divided sentences into paragraphs with line breaks (newline) followed by an initial at the beginning of the next paragraph. An initial is an oversized capital letter, sometimes outdented beyond the margin of the text. This style can be seen, for example, in the original Old English manuscript of Beowulf. Outdenting is still used in English typography, though not commonly.[2] Modern English typography usually indicates a new paragraph by indenting the first line. This style can be seen in the (handwritten) United States Constitution from 1787. For additional ornamentation, a hedera leaf or other symbol can be added to the inter-paragraph white space, or put in the indentation space.\n\nA second common modern English style is to use no indenting, but add vertical white space to create \"block paragraphs.\" On a typewriter, a double carriage return produces a blank line for this purpose; professional typesetters (or word processing software) may put in an arbitrary vertical space by adjusting leading. This style is very common in electronic formats, such as on the World Wide Web and email. Wikipedia itself employs this format."
139:                   ),
140: ,
141:               new StaticEmail("hr@company.com", "Policy Update", "2025-05-09", "Please review the updated company policies.")
142:             );
143:             int index = 0;


Stacktrace:
		at org.apache.jasper.compiler.DefaultErrorHandler.javacError(DefaultErrorHandler.java:72)
		at org.apache.jasper.compiler.ErrorDispatcher.javacError(ErrorDispatcher.java:192)
		at org.apache.jasper.compiler.JDTCompiler.generateClass(JDTCompiler.java:547)
		at org.apache.jasper.compiler.Compiler.compile(Compiler.java:374)
		at org.apache.jasper.compiler.Compiler.compile(Compiler.java:346)
		at org.apache.jasper.compiler.Compiler.compile(Compiler.java:332)
		at org.apache.jasper.JspCompilationContext.compile(JspCompilationContext.java:592)
		at org.apache.jasper.servlet.JspServletWrapper.service(JspServletWrapper.java:376)
		at org.apache.jasper.servlet.JspServlet.serviceJspFile(JspServlet.java:357)
		at org.apache.jasper.servlet.JspServlet.service(JspServlet.java:308)
		at jakarta.servlet.http.HttpServlet.service(HttpServlet.java:658)
		at org.apache.catalina.core.ApplicationFilterChain.internalDoFilter(ApplicationFilterChain.java:195)
		at org.apache.catalina.core.ApplicationFilterChain.doFilter(ApplicationFilterChain.java:140)
		at org.apache.tomcat.websocket.server.WsFilter.doFilter(WsFilter.java:51)
		at org.apache.catalina.core.ApplicationFilterChain.internalDoFilter(ApplicationFilterChain.java:164)
		at org.apache.catalina.core.ApplicationFilterChain.doFilter(ApplicationFilterChain.java:140)
		at org.apache.catalina.core.StandardWrapperValve.invoke(StandardWrapperValve.java:167)
		at org.apache.catalina.core.StandardContextValve.invoke(StandardContextValve.java:90)
		at org.apache.catalina.authenticator.AuthenticatorBase.invoke(AuthenticatorBase.java:483)
		at org.apache.catalina.core.StandardHostValve.invoke(StandardHostValve.java:116)
		at org.apache.catalina.valves.ErrorReportValve.invoke(ErrorReportValve.java:93)
		at org.apache.catalina.valves.AbstractAccessLogValve.invoke(AbstractAccessLogValve.java:666)
		at org.apache.catalina.core.StandardEngineValve.invoke(StandardEngineValve.java:74)
		at org.apache.catalina.connector.CoyoteAdapter.service(CoyoteAdapter.java:344)
		at org.apache.coyote.http11.Http11Processor.service(Http11Processor.java:398)
		at org.apache.coyote.AbstractProcessorLight.process(AbstractProcessorLight.java:63)
		at org.apache.coyote.AbstractProtocol$ConnectionHandler.process(AbstractProtocol.java:903)
		at org.apache.tomcat.util.net.NioEndpoint$SocketProcessor.doRun(NioEndpoint.java:1740)
		at org.apache.tomcat.util.net.SocketProcessorBase.run(SocketProcessorBase.java:52)
		at org.apache.tomcat.util.threads.ThreadPoolExecutor.runWorker(ThreadPoolExecutor.java:1189)
		at org.apache.tomcat.util.threads.ThreadPoolExecutor$Worker.run(ThreadPoolExecutor.java:658)
		at org.apache.tomcat.util.threads.TaskThread$WrappingRunnable.run(TaskThread.java:63)
		at java.base/java.lang.Thread.run(Thread.java:1570)
17-Jul-2025 13:15:59.065 INFO [http-nio-8080-exec-10] org.apache.catalina.core.ApplicationContext.log Marking servlet [SummaryServlet] as unavailable
17-Jul-2025 13:15:59.071 SEVERE [http-nio-8080-exec-10] org.apache.catalina.core.StandardWrapperValve.invoke Allocate exception for servlet [SummaryServlet]
	java.lang.ClassNotFoundException: com.example.controller.SummaryServlet
		at org.apache.catalina.loader.WebappClassLoaderBase.loadClass(WebappClassLoaderBase.java:1380)
		at org.apache.catalina.loader.WebappClassLoaderBase.loadClass(WebappClassLoaderBase.java:1189)
		at org.apache.catalina.core.DefaultInstanceManager.loadClass(DefaultInstanceManager.java:493)
		at org.apache.catalina.core.DefaultInstanceManager.loadClassMaybePrivileged(DefaultInstanceManager.java:475)
		at org.apache.catalina.core.DefaultInstanceManager.newInstance(DefaultInstanceManager.java:143)
		at org.apache.catalina.core.StandardWrapper.loadServlet(StandardWrapper.java:764)
		at org.apache.catalina.core.StandardWrapper.allocate(StandardWrapper.java:581)
		at org.apache.catalina.core.StandardWrapperValve.invoke(StandardWrapperValve.java:115)
		at org.apache.catalina.core.StandardContextValve.invoke(StandardContextValve.java:90)
		at org.apache.catalina.authenticator.AuthenticatorBase.invoke(AuthenticatorBase.java:483)
		at org.apache.catalina.core.StandardHostValve.invoke(StandardHostValve.java:116)
		at org.apache.catalina.valves.ErrorReportValve.invoke(ErrorReportValve.java:93)
		at org.apache.catalina.valves.AbstractAccessLogValve.invoke(AbstractAccessLogValve.java:666)
		at org.apache.catalina.core.StandardEngineValve.invoke(StandardEngineValve.java:74)
		at org.apache.catalina.connector.CoyoteAdapter.service(CoyoteAdapter.java:344)
		at org.apache.coyote.http11.Http11Processor.service(Http11Processor.java:398)
		at org.apache.coyote.AbstractProcessorLight.process(AbstractProcessorLight.java:63)
		at org.apache.coyote.AbstractProtocol$ConnectionHandler.process(AbstractProtocol.java:903)
		at org.apache.tomcat.util.net.NioEndpoint$SocketProcessor.doRun(NioEndpoint.java:1740)
		at org.apache.tomcat.util.net.SocketProcessorBase.run(SocketProcessorBase.java:52)
		at org.apache.tomcat.util.threads.ThreadPoolExecutor.runWorker(ThreadPoolExecutor.java:1189)
		at org.apache.tomcat.util.threads.ThreadPoolExecutor$Worker.run(ThreadPoolExecutor.java:658)
		at org.apache.tomcat.util.threads.TaskThread$WrappingRunnable.run(TaskThread.java:63)
		at java.base/java.lang.Thread.run(Thread.java:1570)
