17-May-2025 09:15:30.000 SEVERE [http-nio-8080-exec-4] org.apache.catalina.core.StandardWrapperValve.invoke Servlet.service() for servlet [jsp] in context with path [/InThread] threw exception [Unable to compile class for JSP: 

An error occurred at line: [120] in the jsp file: [/send.jsp]
List cannot be resolved to a type
117:             <p class="success"><%= request.getAttribute("success") %></p>
118:           <% } %>
119:           <%
120:             List<Message> messages = (List<Message>) request.getAttribute("messages");
121:             if (messages != null && !messages.isEmpty()) {
122:               for (Message message : messages) {
123:                 String from = "Unknown";


An error occurred at line: [120] in the jsp file: [/send.jsp]
Message cannot be resolved to a type
117:             <p class="success"><%= request.getAttribute("success") %></p>
118:           <% } %>
119:           <%
120:             List<Message> messages = (List<Message>) request.getAttribute("messages");
121:             if (messages != null && !messages.isEmpty()) {
122:               for (Message message : messages) {
123:                 String from = "Unknown";


An error occurred at line: [120] in the jsp file: [/send.jsp]
List cannot be resolved to a type
117:             <p class="success"><%= request.getAttribute("success") %></p>
118:           <% } %>
119:           <%
120:             List<Message> messages = (List<Message>) request.getAttribute("messages");
121:             if (messages != null && !messages.isEmpty()) {
122:               for (Message message : messages) {
123:                 String from = "Unknown";


An error occurred at line: [120] in the jsp file: [/send.jsp]
Message cannot be resolved to a type
117:             <p class="success"><%= request.getAttribute("success") %></p>
118:           <% } %>
119:           <%
120:             List<Message> messages = (List<Message>) request.getAttribute("messages");
121:             if (messages != null && !messages.isEmpty()) {
122:               for (Message message : messages) {
123:                 String from = "Unknown";


An error occurred at line: [122] in the jsp file: [/send.jsp]
Message cannot be resolved to a type
119:           <%
120:             List<Message> messages = (List<Message>) request.getAttribute("messages");
121:             if (messages != null && !messages.isEmpty()) {
122:               for (Message message : messages) {
123:                 String from = "Unknown";
124:                 String subject = "No Subject";
125:                 String snippet = message.getSnippet() != null ? message.getSnippet() : "";


Stacktrace:] with root cause
	org.apache.jasper.JasperException: Unable to compile class for JSP: 

An error occurred at line: [120] in the jsp file: [/send.jsp]
List cannot be resolved to a type
117:             <p class="success"><%= request.getAttribute("success") %></p>
118:           <% } %>
119:           <%
120:             List<Message> messages = (List<Message>) request.getAttribute("messages");
121:             if (messages != null && !messages.isEmpty()) {
122:               for (Message message : messages) {
123:                 String from = "Unknown";


An error occurred at line: [120] in the jsp file: [/send.jsp]
Message cannot be resolved to a type
117:             <p class="success"><%= request.getAttribute("success") %></p>
118:           <% } %>
119:           <%
120:             List<Message> messages = (List<Message>) request.getAttribute("messages");
121:             if (messages != null && !messages.isEmpty()) {
122:               for (Message message : messages) {
123:                 String from = "Unknown";


An error occurred at line: [120] in the jsp file: [/send.jsp]
List cannot be resolved to a type
117:             <p class="success"><%= request.getAttribute("success") %></p>
118:           <% } %>
119:           <%
120:             List<Message> messages = (List<Message>) request.getAttribute("messages");
121:             if (messages != null && !messages.isEmpty()) {
122:               for (Message message : messages) {
123:                 String from = "Unknown";


An error occurred at line: [120] in the jsp file: [/send.jsp]
Message cannot be resolved to a type
117:             <p class="success"><%= request.getAttribute("success") %></p>
118:           <% } %>
119:           <%
120:             List<Message> messages = (List<Message>) request.getAttribute("messages");
121:             if (messages != null && !messages.isEmpty()) {
122:               for (Message message : messages) {
123:                 String from = "Unknown";


An error occurred at line: [122] in the jsp file: [/send.jsp]
Message cannot be resolved to a type
119:           <%
120:             List<Message> messages = (List<Message>) request.getAttribute("messages");
121:             if (messages != null && !messages.isEmpty()) {
122:               for (Message message : messages) {
123:                 String from = "Unknown";
124:                 String subject = "No Subject";
125:                 String snippet = message.getSnippet() != null ? message.getSnippet() : "";


Stacktrace:
		at org.apache.jasper.compiler.DefaultErrorHandler.javacError(DefaultErrorHandler.java:72)
		at org.apache.jasper.compiler.ErrorDispatcher.javacError(ErrorDispatcher.java:192)
		at org.apache.jasper.compiler.JDTCompiler.generateClass(JDTCompiler.java:547)
		at org.apache.jasper.compiler.Compiler.compile(Compiler.java:374)
		at org.apache.jasper.compiler.Compiler.compile(Compiler.java:346)
		at org.apache.jasper.compiler.Compiler.compile(Compiler.java:332)
		at org.apache.jasper.JspCompilationContext.compile(JspCompilationContext.java:592)
		at org.apache.jasper.servlet.JspServletWrapper.service(JspServletWrapper.java:376)
		at org.apache.jasper.servlet.JspServlet.serviceJspFile(JspServlet.java:357)
		at org.apache.jasper.servlet.JspServlet.service(JspServlet.java:308)
		at jakarta.servlet.http.HttpServlet.service(HttpServlet.java:658)
		at org.apache.catalina.core.ApplicationFilterChain.internalDoFilter(ApplicationFilterChain.java:195)
		at org.apache.catalina.core.ApplicationFilterChain.doFilter(ApplicationFilterChain.java:140)
		at org.apache.tomcat.websocket.server.WsFilter.doFilter(WsFilter.java:51)
		at org.apache.catalina.core.ApplicationFilterChain.internalDoFilter(ApplicationFilterChain.java:164)
		at org.apache.catalina.core.ApplicationFilterChain.doFilter(ApplicationFilterChain.java:140)
		at org.apache.catalina.core.StandardWrapperValve.invoke(StandardWrapperValve.java:167)
		at org.apache.catalina.core.StandardContextValve.invoke(StandardContextValve.java:90)
		at org.apache.catalina.authenticator.AuthenticatorBase.invoke(AuthenticatorBase.java:483)
		at org.apache.catalina.core.StandardHostValve.invoke(StandardHostValve.java:116)
		at org.apache.catalina.valves.ErrorReportValve.invoke(ErrorReportValve.java:93)
		at org.apache.catalina.valves.AbstractAccessLogValve.invoke(AbstractAccessLogValve.java:666)
		at org.apache.catalina.core.StandardEngineValve.invoke(StandardEngineValve.java:74)
		at org.apache.catalina.connector.CoyoteAdapter.service(CoyoteAdapter.java:344)
		at org.apache.coyote.http11.Http11Processor.service(Http11Processor.java:398)
		at org.apache.coyote.AbstractProcessorLight.process(AbstractProcessorLight.java:63)
		at org.apache.coyote.AbstractProtocol$ConnectionHandler.process(AbstractProtocol.java:903)
		at org.apache.tomcat.util.net.NioEndpoint$SocketProcessor.doRun(NioEndpoint.java:1740)
		at org.apache.tomcat.util.net.SocketProcessorBase.run(SocketProcessorBase.java:52)
		at org.apache.tomcat.util.threads.ThreadPoolExecutor.runWorker(ThreadPoolExecutor.java:1189)
		at org.apache.tomcat.util.threads.ThreadPoolExecutor$Worker.run(ThreadPoolExecutor.java:658)
		at org.apache.tomcat.util.threads.TaskThread$WrappingRunnable.run(TaskThread.java:63)
		at java.base/java.lang.Thread.run(Thread.java:1570)
